<?xml version="1.0" encoding="UTF-8"?>
<testng-results skipped="0" failed="0" total="1" passed="1">
  <reporter-output>
  </reporter-output>
  <suite name="Suite" duration-ms="59154" started-at="2020-10-21T04:04:12Z" finished-at="2020-10-21T04:05:11Z">
    <groups>
    </groups>
    <test name="Test" duration-ms="59154" started-at="2020-10-21T04:04:12Z" finished-at="2020-10-21T04:05:11Z">
      <class name="MavenForJenkins.MavenJenkins.GoToURL">
        <test-method status="PASS" signature="test()[pri:0, instance:MavenForJenkins.MavenJenkins.GoToURL@380fb434]" name="test" duration-ms="59116" started-at="2020-10-21T09:34:12Z" finished-at="2020-10-21T09:35:11Z">
          <reporter-output>
          </reporter-output>
        </test-method> <!-- test -->
      </class> <!-- MavenForJenkins.MavenJenkins.GoToURL -->
    </test> <!-- Test -->
  </suite> <!-- Suite -->
</testng-results>
