<?xml version="1.0" encoding="UTF-8"?>
<testng-results skipped="0" failed="0" total="1" passed="1">
  <reporter-output>
  </reporter-output>
  <suite name="Suite" duration-ms="46606" started-at="2021-04-01T19:15:33Z" finished-at="2021-04-01T19:16:20Z">
    <groups>
    </groups>
    <test name="Test" duration-ms="46606" started-at="2021-04-01T19:15:33Z" finished-at="2021-04-01T19:16:20Z">
      <class name="MavenForJenkins.MavenJenkins.GoToURL">
        <test-method status="PASS" signature="test()[pri:0, instance:MavenForJenkins.MavenJenkins.GoToURL@5315b42e]" name="test" duration-ms="46570" started-at="2021-04-02T00:45:33Z" finished-at="2021-04-02T00:46:20Z">
          <reporter-output>
          </reporter-output>
        </test-method> <!-- test -->
      </class> <!-- MavenForJenkins.MavenJenkins.GoToURL -->
    </test> <!-- Test -->
  </suite> <!-- Suite -->
</testng-results>
