<?xml version="1.0" encoding="UTF-8"?>
<testng-results skipped="0" failed="0" total="1" passed="1">
  <reporter-output>
  </reporter-output>
  <suite name="Default suite" duration-ms="22171" started-at="2020-10-21T03:39:40Z" finished-at="2020-10-21T03:40:02Z">
    <groups>
    </groups>
    <test name="Default test" duration-ms="22171" started-at="2020-10-21T03:39:40Z" finished-at="2020-10-21T03:40:02Z">
      <class name="MavenForJenkins.MavenJenkins.GoToURL">
        <test-method status="PASS" signature="test()[pri:0, instance:MavenForJenkins.MavenJenkins.GoToURL@3c756e4d]" name="test" duration-ms="22123" started-at="2020-10-21T09:09:40Z" finished-at="2020-10-21T09:10:02Z">
          <reporter-output>
          </reporter-output>
        </test-method> <!-- test -->
      </class> <!-- MavenForJenkins.MavenJenkins.GoToURL -->
    </test> <!-- Default test -->
  </suite> <!-- Default suite -->
</testng-results>
